<?xml version="1.0" encoding="UTF-8"?>
<testsuite xmlns:xsi="http://www.w3.org/2001/XMLSchema-instance" xsi:noNamespaceSchemaLocation="https://maven.apache.org/surefire/maven-surefire-plugin/xsd/surefire-test-report.xsd" name="search_feature #2" time="116.448" tests="7" errors="0" skipped="0" failures="0">
  <properties>
[...]
</properties>
  <testcase name="search_scenario #1" classname="search_feature #2" time="18.979"/>
  <testcase name="search_scenario #2" classname="search_feature #2" time="14.887"/>
  <testcase name="search_scenario #3" classname="search_feature #2" time="14.57"/>
  <testcase name="search_scenario #4" classname="search_feature #2" time="15.989"/>
  <testcase name="search_scenario #5" classname="search_feature #2" time="15.908"/>
  <testcase name="search_scenario #6" classname="search_feature #2" time="22.046"/>
  <testcase name="search_scenario #7" classname="search_feature #2" time="14.067"/>
</testsuite>